#
# A fatal error has been detected by the Java Runtime Environment:
#
#  EXCEPTION_ACCESS_VIOLATION (0xc0000005) at pc=0x00007ffc302fd522, pid=14152, tid=4668
#
# JRE version: OpenJDK Runtime Environment JBR-17.0.8.1+7-1059.3-nomod (17.0.8.1+7) (build 17.0.8.1+7-b1059.3)
# Java VM: OpenJDK 64-Bit Server VM JBR-17.0.8.1+7-1059.3-nomod (17.0.8.1+7-b1059.3, mixed mode, tiered, compressed oops, compressed class ptrs, g1 gc, windows-amd64)
# Problematic frame:
# V  [jvm.dll+0x3ed522]  jni_CallStaticVoidMethodV+0xb2
#
# No core dump will be written. Minidumps are not enabled by default on client versions of Windows
#
# If you would like to submit a bug report, please visit:
#   https://youtrack.jetbrains.com/issues/JBR
#

---------------  S U M M A R Y ------------

Command Line: -javaagent:D:\Program\IntelliJ IDEA\IntelliJ IDEA 2023.2\lib\idea_rt.jar=60952:D:\Program\IntelliJ IDEA\IntelliJ IDEA 2023.2\bin -Dfile.encoding=UTF-8 MainKt

Host: Intel(R) Core(TM) i5-10210U CPU @ 1.60GHz, 8 cores, 15G,  Windows 10 , 64 bit Build 19041 (10.0.19041.3636)
Time: Mon May 13 23:39:07 2024  Windows 10 , 64 bit Build 19041 (10.0.19041.3636) elapsed time: 2.103070 seconds (0d 0h 0m 2s)

---------------  T H R E A D  ---------------

Current thread (0x00000244967f1750):  JavaThread "AWT-EventQueue-0" [_thread_in_vm, id=4668, stack(0x0000005623800000,0x0000005623900000)]

Stack: [0x0000005623800000,0x0000005623900000],  sp=0x00000056238fd980,  free space=1014k
Native frames: (J=compiled Java code, j=interpreted, Vv=VM code, C=native code)
V  [jvm.dll+0x3ed522]  jni_CallStaticVoidMethodV+0xb2  (jni.cpp:1724)
C  [skiko-windows-x64.dll+0x57cfc]

Java frames: (J=compiled Java code, j=interpreted, Vv=VM code)
j  org.jetbrains.skiko.redrawer.Direct3DRedrawer.initSwapChain(J)V+0
j  org.jetbrains.skiko.redrawer.Direct3DRedrawer.initSwapChain()V+5
j  org.jetbrains.skiko.context.Direct3DContextHandler.initCanvas()V+106
j  org.jetbrains.skiko.context.ContextHandler.draw()V+21
j  org.jetbrains.skiko.redrawer.Direct3DRedrawer.drawAndSwap(Z)V+21
j  org.jetbrains.skiko.redrawer.Direct3DRedrawer.redrawImmediately()V+180
j  org.jetbrains.skiko.SkiaLayer.paint(Ljava/awt/Graphics;)V+102
j  androidx.compose.ui.awt.ComposeLayer$ComponentImpl.paint(Ljava/awt/Graphics;)V+12
j  javax.swing.JComponent.paintChildren(Ljava/awt/Graphics;)V+523 java.desktop@17.0.8.1
j  javax.swing.JComponent.paint(Ljava/awt/Graphics;)V+288 java.desktop@17.0.8.1
j  javax.swing.JLayeredPane.paint(Ljava/awt/Graphics;)V+73 java.desktop@17.0.8.1
j  javax.swing.JComponent.paintChildren(Ljava/awt/Graphics;)V+523 java.desktop@17.0.8.1
j  javax.swing.JComponent.paint(Ljava/awt/Graphics;)V+288 java.desktop@17.0.8.1
j  androidx.compose.ui.window.Window_desktopKt$Window$11$1.invoke(Landroidx/compose/ui/awt/ComposeWindow;)V+75
j  androidx.compose.ui.window.Window_desktopKt$Window$11$1.invoke(Ljava/lang/Object;)Ljava/lang/Object;+5
j  androidx.compose.ui.window.AwtWindow_desktopKt$AwtWindow$3.invoke()V+13
j  androidx.compose.ui.window.AwtWindow_desktopKt$AwtWindow$3.invoke()Ljava/lang/Object;+1
j  androidx.compose.ui.util.UpdateEffect_desktopKt$UpdateEffect$2$performUpdate$1.invoke()V+7
j  androidx.compose.ui.util.UpdateEffect_desktopKt$UpdateEffect$2$performUpdate$1.invoke()Ljava/lang/Object;+1
j  androidx.compose.runtime.snapshots.Snapshot$Companion.observe(Lkotlin/jvm/functions/Function1;Lkotlin/jvm/functions/Function1;Lkotlin/jvm/functions/Function0;)Ljava/lang/Object;+108
j  androidx.compose.runtime.snapshots.SnapshotStateObserver$observeReads$1$1.invoke()V+15
j  androidx.compose.runtime.snapshots.SnapshotStateObserver$observeReads$1$1.invoke()Ljava/lang/Object;+1
j  androidx.compose.runtime.SnapshotStateKt__DerivedStateKt.observeDerivedStateRecalculations(Lkotlin/jvm/functions/Function1;Lkotlin/jvm/functions/Function1;Lkotlin/jvm/functions/Function0;)V+94
j  androidx.compose.runtime.SnapshotStateKt.observeDerivedStateRecalculations(Lkotlin/jvm/functions/Function1;Lkotlin/jvm/functions/Function1;Lkotlin/jvm/functions/Function0;)V+3
j  androidx.compose.runtime.snapshots.SnapshotStateObserver.observeReads(Ljava/lang/Object;Lkotlin/jvm/functions/Function1;Lkotlin/jvm/functions/Function0;)V+180
j  androidx.compose.ui.util.UpdateEffect_desktopKt$UpdateEffect$2.invoke$performUpdate(Landroidx/compose/runtime/snapshots/SnapshotStateObserver;Lkotlin/jvm/internal/Ref$ObjectRef;Landroidx/compose/runtime/State;)V+38
j  androidx.compose.ui.util.UpdateEffect_desktopKt$UpdateEffect$2.invoke(Landroidx/compose/runtime/DisposableEffectScope;)Landroidx/compose/runtime/DisposableEffectResult;+59
j  androidx.compose.ui.util.UpdateEffect_desktopKt$UpdateEffect$2.invoke(Ljava/lang/Object;)Ljava/lang/Object;+5
j  androidx.compose.runtime.DisposableEffectImpl.onRemembered()V+8
j  androidx.compose.runtime.CompositionImpl$RememberEventDispatcher.dispatchRememberObservers()V+234
j  androidx.compose.runtime.CompositionImpl.applyChangesInLocked(Ljava/util/List;)V+246
j  androidx.compose.runtime.CompositionImpl.applyChanges()V+38
j  androidx.compose.runtime.Recomposer.composeInitial$runtime(Landroidx/compose/runtime/ControlledComposition;Lkotlin/jvm/functions/Function2;)V+267
j  androidx.compose.runtime.CompositionImpl.setContent(Lkotlin/jvm/functions/Function2;)V+55
j  androidx.compose.ui.window.Application_desktopKt$awaitApplication$2$1$2.invokeSuspend(Ljava/lang/Object;)Ljava/lang/Object;+89
j  kotlin.coroutines.jvm.internal.BaseContinuationImpl.resumeWith(Ljava/lang/Object;)V+44
j  kotlinx.coroutines.DispatchedTask.run()V+314
j  java.awt.event.InvocationEvent.dispatch()V+47 java.desktop@17.0.8.1
j  java.awt.EventQueue.dispatchEventImpl(Ljava/awt/AWTEvent;Ljava/lang/Object;)V+21 java.desktop@17.0.8.1
j  java.awt.EventQueue$3.run()Ljava/lang/Void;+32 java.desktop@17.0.8.1
j  java.awt.EventQueue$3.run()Ljava/lang/Object;+1 java.desktop@17.0.8.1
j  java.security.AccessController.executePrivileged(Ljava/security/PrivilegedAction;Ljava/security/AccessControlContext;Ljava/lang/Class;)Ljava/lang/Object;+29 java.base@17.0.8.1
j  java.security.AccessController.doPrivileged(Ljava/security/PrivilegedAction;Ljava/security/AccessControlContext;)Ljava/lang/Object;+13 java.base@17.0.8.1
j  java.security.ProtectionDomain$JavaSecurityAccessImpl.doIntersectionPrivilege(Ljava/security/PrivilegedAction;Ljava/security/AccessControlContext;Ljava/security/AccessControlContext;)Ljava/lang/Object;+18 java.base@17.0.8.1
j  java.awt.EventQueue.dispatchEvent(Ljava/awt/AWTEvent;)V+46 java.desktop@17.0.8.1
j  java.awt.EventDispatchThread.pumpOneEventForFilters(I)V+78 java.desktop@17.0.8.1
j  java.awt.EventDispatchThread.pumpEventsForFilter(ILjava/awt/Conditional;Ljava/awt/EventFilter;)V+35 java.desktop@17.0.8.1
j  java.awt.EventDispatchThread.pumpEventsForHierarchy(ILjava/awt/Conditional;Ljava/awt/Component;)V+11 java.desktop@17.0.8.1
j  java.awt.EventDispatchThread.pumpEvents(ILjava/awt/Conditional;)V+4 java.desktop@17.0.8.1
j  java.awt.EventDispatchThread.pumpEvents(Ljava/awt/Conditional;)V+3 java.desktop@17.0.8.1
j  java.awt.EventDispatchThread.run()V+18 java.desktop@17.0.8.1
v  ~StubRoutines::call_stub

siginfo: EXCEPTION_ACCESS_VIOLATION (0xc0000005), reading address 0x0000000000000000


Register to memory mapping:

RIP=0x00007ffc302fd522 jvm.dll::jni_CallStaticVoidMethodV + 0xb2
RAX=0x0 is NULL
RBX=0x00000244967f1750 is a thread
RCX=0x1c20edd4cf280000 is an unknown value
RDX=0x0000024497146fa8 is a global jni handle
RSP=0x00000056238fd980 is pointing into the stack for thread: 0x00000244967f1750
RBP=0x00000056238fda78 is pointing into the stack for thread: 0x00000244967f1750
RSI=0x0 is NULL
RDI=0x00000244967f1a00 points into unknown readable memory: 0x00007ffc30a3a820 | 20 a8 a3 30 fc 7f 00 00
R8 =0x0 is NULL
R9 =0x00000056238fda78 is pointing into the stack for thread: 0x00000244967f1750
R10=0x00000244967f1750 is a thread
R11=0x00000056238fd978 is pointing into the stack for thread: 0x00000244967f1750
R12=0x0 is NULL
R13={method} {0x0000024493311ad8} 'initSwapChain' '(J)V' in 'org/jetbrains/skiko/redrawer/Direct3DRedrawer'
R14=0x00000056238fdc60 is pointing into the stack for thread: 0x00000244967f1750
R15=0x00000244967f1750 is a thread


Registers:
RAX=0x0000000000000000, RBX=0x00000244967f1750, RCX=0x1c20edd4cf280000, RDX=0x0000024497146fa8
RSP=0x00000056238fd980, RBP=0x00000056238fda78, RSI=0x0000000000000000, RDI=0x00000244967f1a00
R8 =0x0000000000000000, R9 =0x00000056238fda78, R10=0x00000244967f1750, R11=0x00000056238fd978
R12=0x0000000000000000, R13=0x0000024493311ad0, R14=0x00000056238fdc60, R15=0x00000244967f1750
RIP=0x00007ffc302fd522, EFLAGS=0x0000000000010202

Top of Stack: (sp=0x00000056238fd980)
0x00000056238fd980:   00000244967f1750 0000000000000000
0x00000056238fd990:   00000244967f1750 0000000000000084
0x00000056238fd9a0:   0000024493311ad0 0000000000000000
0x00000056238fd9b0:   00000056238fda90 00007ffc303216ee
0x00000056238fd9c0:   00000056238fda90 00000244967f1750
0x00000056238fd9d0:   00000244967f1750 000002449634d378
0x00000056238fd9e0:   0000024400000454 00007ffc3088ad80
0x00000056238fd9f0:   0000000000000000 00000056238fda90
0x00000056238fda00:   0000000000000000 00007ffc30301637
0x00000056238fda10:   00000056238fdc60 00000244967f1750
0x00000056238fda20:   00000056238fdc60 00007ffc50c97cfc
0x00000056238fda30:   00000244967f1a00 00000056238fdc30
0x00000056238fda40:   00000244939e3468 0000024496d17ef4
0x00000056238fda50:   0000024496d17ef4 00007ffc50c981bc
0x00000056238fda60:   00000244967f1a00 00000244939e3468
0x00000056238fda70:   0000000000000000 0000024496702518 

Instructions: (pc=0x00007ffc302fd522)
0x00007ffc302fd422:   4b 10 48 8b 43 08 48 89 48 10 48 8b 4b 08 48 8b
0x00007ffc302fd432:   43 18 48 89 41 18 48 8b 4b 08 48 8b 43 20 48 89
0x00007ffc302fd442:   41 20 48 8d 8f 90 02 00 00 e8 60 2e ee ff 90 c7
0x00007ffc302fd452:   87 40 03 00 00 04 00 00 00 48 81 c4 b0 00 00 00
0x00007ffc302fd462:   41 5e 5f 5e 5d 5b c3 cc cc cc cc cc cc cc 48 89
0x00007ffc302fd472:   5c 24 08 48 89 6c 24 10 48 89 74 24 18 48 89 7c
0x00007ffc302fd482:   24 20 41 56 48 81 ec a0 00 00 00 8b 81 b8 00 00
0x00007ffc302fd492:   00 48 8d 99 50 fd ff ff 05 55 21 ff ff 49 8b e9
0x00007ffc302fd4a2:   49 8b f0 48 8b f9 83 f8 01 76 0a 48 8b cb e8 1b
0x00007ffc302fd4b2:   6a 40 00 33 db c7 83 40 03 00 00 05 00 00 00 e8
0x00007ffc302fd4c2:   0a 8d 28 00 90 48 8b 83 48 03 00 00 a8 01 74 0a
0x00007ffc302fd4d2:   b2 01 48 8b cb e8 64 99 2f 00 83 bb 34 03 00 00
0x00007ffc302fd4e2:   00 75 0a 8b 83 30 03 00 00 a8 0c 74 0a 33 d2 48
0x00007ffc302fd4f2:   8b cb e8 97 92 40 00 c7 83 40 03 00 00 06 00 00
0x00007ffc302fd502:   00 48 83 7b 08 00 48 89 5c 24 50 48 c7 44 24 58
0x00007ffc302fd512:   00 00 00 00 74 0a 48 8d 4c 24 50 e8 7e 2c 2c 00
0x00007ffc302fd522:   48 8b 16 48 8d 4c 24 70 c7 44 24 40 0e 00 00 00
0x00007ffc302fd532:   e8 49 68 00 00 48 8d 44 24 70 48 89 5c 24 30 48
0x00007ffc302fd542:   89 44 24 28 4c 8d 35 bb d8 58 00 45 33 c9 48 89
0x00007ffc302fd552:   74 24 20 45 33 c0 4c 89 74 24 70 48 8d 54 24 40
0x00007ffc302fd562:   48 89 ac 24 98 00 00 00 48 8b cf e8 0e 7c 00 00
0x00007ffc302fd572:   48 83 7c 24 58 00 4c 89 74 24 70 48 c7 84 24 98
0x00007ffc302fd582:   00 00 00 00 00 00 00 74 0a 48 8d 4c 24 50 e8 ab
0x00007ffc302fd592:   2c 2c 00 48 8b bb e8 00 00 00 48 8b 4f 10 48 83
0x00007ffc302fd5a2:   39 00 74 0c 48 8b cf e8 f2 4e f6 ff 48 8b 4f 10
0x00007ffc302fd5b2:   48 8b 47 08 48 89 48 10 48 8b 4f 08 48 8b 47 18
0x00007ffc302fd5c2:   48 89 41 18 48 8b 4f 08 48 8b 47 20 48 89 41 20
0x00007ffc302fd5d2:   48 8d 8b 90 02 00 00 e8 d2 2c ee ff 4c 8d 9c 24
0x00007ffc302fd5e2:   a0 00 00 00 90 49 8b 6b 18 49 8b 73 20 49 8b 7b
0x00007ffc302fd5f2:   28 c7 83 40 03 00 00 04 00 00 00 49 8b 5b 10 49
0x00007ffc302fd602:   8b e3 41 5e c3 cc cc cc cc cc cc cc cc cc 48 89
0x00007ffc302fd612:   5c 24 08 48 89 6c 24 10 48 89 74 24 18 57 48 81 


Stack slot to memory mapping:
stack at sp + 0 slots: 0x00000244967f1750 is a thread
stack at sp + 1 slots: 0x0 is NULL
stack at sp + 2 slots: 0x00000244967f1750 is a thread
stack at sp + 3 slots: 0x0000000000000084 is an unknown value
stack at sp + 4 slots: {method} {0x0000024493311ad8} 'initSwapChain' '(J)V' in 'org/jetbrains/skiko/redrawer/Direct3DRedrawer'
stack at sp + 5 slots: 0x0 is NULL
stack at sp + 6 slots: 0x00000056238fda90 is pointing into the stack for thread: 0x00000244967f1750
stack at sp + 7 slots: 0x00007ffc303216ee jvm.dll::JNIHandleBlock::allocate_handle + 0x35e


---------------  P R O C E S S  ---------------

Threads class SMR info:
_java_thread_list=0x000002449772e1c0, length=23, elements={
0x00000244f2d7c8c0, 0x0000024491c1c250, 0x0000024491c1d0d0, 0x0000024491c4fcb0,
0x0000024491c50870, 0x0000024491c51430, 0x0000024491c53e00, 0x0000024491c54af0,
0x0000024491c555a0, 0x0000024491c6a130, 0x0000024491a645b0, 0x0000024496130550,
0x0000024496186440, 0x000002449643ccc0, 0x000002449640d180, 0x00000244967f1750,
0x00000244967e8610, 0x00000244967e8b20, 0x00000244967e9030, 0x00000244967e9a50,
0x00000244967e9540, 0x00000244974e31d0, 0x0000024497429120
}

Java Threads: ( => current thread )
  0x00000244f2d7c8c0 JavaThread "main" [_thread_blocked, id=8172, stack(0x0000005622000000,0x0000005622100000)]
  0x0000024491c1c250 JavaThread "Reference Handler" daemon [_thread_blocked, id=15004, stack(0x0000005622700000,0x0000005622800000)]
  0x0000024491c1d0d0 JavaThread "Finalizer" daemon [_thread_blocked, id=1804, stack(0x0000005622800000,0x0000005622900000)]
  0x0000024491c4fcb0 JavaThread "Signal Dispatcher" daemon [_thread_blocked, id=7772, stack(0x0000005622900000,0x0000005622a00000)]
  0x0000024491c50870 JavaThread "Attach Listener" daemon [_thread_blocked, id=16448, stack(0x0000005622a00000,0x0000005622b00000)]
  0x0000024491c51430 JavaThread "Service Thread" daemon [_thread_blocked, id=1772, stack(0x0000005622b00000,0x0000005622c00000)]
  0x0000024491c53e00 JavaThread "Monitor Deflation Thread" daemon [_thread_blocked, id=8776, stack(0x0000005622c00000,0x0000005622d00000)]
  0x0000024491c54af0 JavaThread "C2 CompilerThread0" daemon [_thread_blocked, id=15460, stack(0x0000005622d00000,0x0000005622e00000)]
  0x0000024491c555a0 JavaThread "C1 CompilerThread0" daemon [_thread_blocked, id=15148, stack(0x0000005622e00000,0x0000005622f00000)]
  0x0000024491c6a130 JavaThread "Sweeper thread" daemon [_thread_blocked, id=14632, stack(0x0000005622f00000,0x0000005623000000)]
  0x0000024491a645b0 JavaThread "Common-Cleaner" daemon [_thread_blocked, id=5160, stack(0x0000005623000000,0x0000005623100000)]
  0x0000024496130550 JavaThread "Monitor Ctrl-Break" daemon [_thread_in_native, id=16736, stack(0x0000005623200000,0x0000005623300000)]
  0x0000024496186440 JavaThread "Notification Thread" daemon [_thread_blocked, id=10456, stack(0x0000005623300000,0x0000005623400000)]
  0x000002449643ccc0 JavaThread "Java2D Disposer" daemon [_thread_blocked, id=15336, stack(0x0000005623500000,0x0000005623600000)]
  0x000002449640d180 JavaThread "AWT-Shutdown" [_thread_blocked, id=16232, stack(0x0000005623600000,0x0000005623700000)]
=>0x00000244967f1750 JavaThread "AWT-EventQueue-0" [_thread_in_vm, id=4668, stack(0x0000005623800000,0x0000005623900000)]
  0x00000244967e8610 JavaThread "DefaultDispatcher-worker-1" daemon [_thread_blocked, id=10656, stack(0x0000005623f00000,0x0000005624000000)]
  0x00000244967e8b20 JavaThread "DefaultDispatcher-worker-2" daemon [_thread_blocked, id=14752, stack(0x0000005624000000,0x0000005624100000)]
  0x00000244967e9030 JavaThread "DefaultDispatcher-worker-3" daemon [_thread_blocked, id=1648, stack(0x0000005624100000,0x0000005624200000)]
  0x00000244967e9a50 JavaThread "kotlinx.coroutines.DefaultExecutor" daemon [_thread_blocked, id=6244, stack(0x0000005624200000,0x0000005624300000)]
  0x00000244967e9540 JavaThread "Reference Cleaner" daemon [_thread_blocked, id=11172, stack(0x0000005624300000,0x0000005624400000)]
  0x00000244974e31d0 JavaThread "C2 CompilerThread1" daemon [_thread_blocked, id=1980, stack(0x0000005623100000,0x0000005623200000)]
  0x0000024497429120 JavaThread "SIGINT handler" daemon [_thread_blocked, id=436, stack(0x0000005624700000,0x0000005624800000)]

Other Threads:
  0x0000024491bf9d20 VMThread "VM Thread" [stack: 0x0000005622600000,0x0000005622700000] [id=7572]
  0x00000244f2dfc0b0 WatcherThread [stack: 0x0000005623400000,0x0000005623500000] [id=9544]
  0x00000244f0cae840 GCTaskThread "GC Thread#0" [stack: 0x0000005622100000,0x0000005622200000] [id=15308]
  0x0000024491c454d0 GCTaskThread "GC Thread#1" [stack: 0x0000005623900000,0x0000005623a00000] [id=17212]
  0x0000024491c44710 GCTaskThread "GC Thread#2" [stack: 0x0000005623a00000,0x0000005623b00000] [id=15188]
  0x0000024491c45d10 GCTaskThread "GC Thread#3" [stack: 0x0000005623b00000,0x0000005623c00000] [id=13816]
  0x0000024491c45790 GCTaskThread "GC Thread#4" [stack: 0x0000005623c00000,0x0000005623d00000] [id=7580]
  0x0000024491c45a50 GCTaskThread "GC Thread#5" [stack: 0x0000005623d00000,0x0000005623e00000] [id=13700]
  0x0000024491c44190 GCTaskThread "GC Thread#6" [stack: 0x0000005623e00000,0x0000005623f00000] [id=17144]
  0x0000024497393ef0 GCTaskThread "GC Thread#7" [stack: 0x0000005624500000,0x0000005624600000] [id=540]
  0x00000244f2df4030 ConcurrentGCThread "G1 Main Marker" [stack: 0x0000005622200000,0x0000005622300000] [id=3396]
  0x00000244f2df50f0 ConcurrentGCThread "G1 Conc#0" [stack: 0x0000005622300000,0x0000005622400000] [id=5444]
  0x0000024497392e70 ConcurrentGCThread "G1 Conc#1" [stack: 0x0000005624600000,0x0000005624700000] [id=16836]
  0x00000244f2e2d860 ConcurrentGCThread "G1 Refine#0" [stack: 0x0000005622400000,0x0000005622500000] [id=17332]
  0x00000244f2e2e290 ConcurrentGCThread "G1 Service" [stack: 0x0000005622500000,0x0000005622600000] [id=2656]

Threads with active compile tasks:

VM state: not at safepoint (normal execution)

VM Mutex/Monitor currently owned by a thread: None

Heap address: 0x0000000702800000, size: 4056 MB, Compressed Oops mode: Zero based, Oop shift amount: 3

CDS archive(s) not mapped
Compressed class space mapped at: 0x0000000800000000-0x0000000840000000, reserved size: 1073741824
Narrow klass base: 0x0000000800000000, Narrow klass shift: 0, Narrow klass range: 0x40000000

GC Precious Log:
 CPUs: 8 total, 8 available
 Memory: 16217M
 Large Page Support: Disabled
 NUMA Support: Disabled
 Compressed Oops: Enabled (Zero based)
 Heap Region Size: 2M
 Heap Min Capacity: 8M
 Heap Initial Capacity: 254M
 Heap Max Capacity: 4056M
 Pre-touch: Disabled
 Parallel Workers: 8
 Concurrent Workers: 2
 Concurrent Refinement Workers: 8
 Periodic GC: Disabled

Heap:
 garbage-first heap   total 40960K, used 18251K [0x0000000702800000, 0x0000000800000000)
  region size 2048K, 7 young (14336K), 1 survivors (2048K)
 Metaspace       used 30571K, committed 30784K, reserved 1114112K
  class space    used 3159K, committed 3264K, reserved 1048576K

Heap Regions: E=young(eden), S=young(survivor), O=old, HS=humongous(starts), HC=humongous(continues), CS=collection set, F=free, OA=open archive, CA=closed archive, TAMS=top-at-mark-start (previous, next)
|   0|0x0000000702800000, 0x0000000702a00000, 0x0000000702a00000|100%|HS|  |TAMS 0x0000000702a00000, 0x0000000702800000| Complete 
|   1|0x0000000702a00000, 0x0000000702c00000, 0x0000000702c00000|100%| O|  |TAMS 0x0000000702a00000, 0x0000000702a00000| Untracked 
|   2|0x0000000702c00000, 0x0000000702c00000, 0x0000000702e00000|  0%| F|  |TAMS 0x0000000702c00000, 0x0000000702c00000| Untracked 
|   3|0x0000000702e00000, 0x0000000703000000, 0x0000000703000000|100%| O|  |TAMS 0x0000000702e00000, 0x0000000702e00000| Untracked 
|   4|0x0000000703000000, 0x0000000703167400, 0x0000000703200000| 70%| O|  |TAMS 0x0000000703000000, 0x0000000703000000| Untracked 
|   5|0x0000000703200000, 0x0000000703200000, 0x0000000703400000|  0%| F|  |TAMS 0x0000000703200000, 0x0000000703200000| Untracked 
|   6|0x0000000703400000, 0x0000000703400000, 0x0000000703600000|  0%| F|  |TAMS 0x0000000703400000, 0x0000000703400000| Untracked 
|   7|0x0000000703600000, 0x0000000703600000, 0x0000000703800000|  0%| F|  |TAMS 0x0000000703600000, 0x0000000703600000| Untracked 
|   8|0x0000000703800000, 0x0000000703800000, 0x0000000703a00000|  0%| F|  |TAMS 0x0000000703800000, 0x0000000703800000| Untracked 
|   9|0x0000000703a00000, 0x0000000703a00000, 0x0000000703c00000|  0%| F|  |TAMS 0x0000000703a00000, 0x0000000703a00000| Untracked 
|  10|0x0000000703c00000, 0x0000000703c00000, 0x0000000703e00000|  0%| F|  |TAMS 0x0000000703c00000, 0x0000000703c00000| Untracked 
|  11|0x0000000703e00000, 0x0000000703e00000, 0x0000000704000000|  0%| F|  |TAMS 0x0000000703e00000, 0x0000000703e00000| Untracked 
|  12|0x0000000704000000, 0x0000000704000000, 0x0000000704200000|  0%| F|  |TAMS 0x0000000704000000, 0x0000000704000000| Untracked 
|  13|0x0000000704200000, 0x00000007043eca38, 0x0000000704400000| 96%| E|  |TAMS 0x0000000704200000, 0x0000000704200000| Complete 
|  14|0x0000000704400000, 0x0000000704600000, 0x0000000704600000|100%| E|CS|TAMS 0x0000000704400000, 0x0000000704400000| Complete 
|  15|0x0000000704600000, 0x0000000704800000, 0x0000000704800000|100%| E|CS|TAMS 0x0000000704600000, 0x0000000704600000| Complete 
|  16|0x0000000704800000, 0x0000000704a00000, 0x0000000704a00000|100%| E|CS|TAMS 0x0000000704800000, 0x0000000704800000| Complete 
| 113|0x0000000710a00000, 0x0000000710c00000, 0x0000000710c00000|100%| E|CS|TAMS 0x0000000710a00000, 0x0000000710a00000| Complete 
| 125|0x0000000712200000, 0x000000071226ba60, 0x0000000712400000| 21%| S|CS|TAMS 0x0000000712200000, 0x0000000712200000| Complete 
| 126|0x0000000712400000, 0x0000000712600000, 0x0000000712600000|100%| E|CS|TAMS 0x0000000712400000, 0x0000000712400000| Complete 

Card table byte_map: [0x00000244f7060000,0x00000244f7850000] _byte_map_base: 0x00000244f384c000

Marking Bits (Prev, Next): (CMBitMap*) 0x00000244f2de29b0, (CMBitMap*) 0x00000244f2de2970
 Prev Bits: [0x00000244fbfa0000, 0x00000244fff00000)
 Next Bits: [0x00000244f8040000, 0x00000244fbfa0000)

Polling page: 0x00000244f2530000

Metaspace:

Usage:
  Non-class:     26.77 MB used.
      Class:      3.09 MB used.
       Both:     29.86 MB used.

Virtual space:
  Non-class space:       64.00 MB reserved,      26.88 MB ( 42%) committed,  1 nodes.
      Class space:        1.00 GB reserved,       3.19 MB ( <1%) committed,  1 nodes.
             Both:        1.06 GB reserved,      30.06 MB (  3%) committed. 

Chunk freelists:
   Non-Class:  4.91 MB
       Class:  12.67 MB
        Both:  17.58 MB

MaxMetaspaceSize: unlimited
CompressedClassSpaceSize: 1.00 GB
Initial GC threshold: 21.00 MB
Current GC threshold: 35.12 MB
CDS: off
MetaspaceReclaimPolicy: balanced
 - commit_granule_bytes: 65536.
 - commit_granule_words: 8192.
 - virtual_space_node_default_size: 8388608.
 - enlarge_chunks_in_place: 1.
 - new_chunks_are_fully_committed: 0.
 - uncommit_free_chunks: 1.
 - use_allocation_guard: 0.
 - handle_deallocations: 1.


Internal statistics:

num_allocs_failed_limit: 3.
num_arena_births: 154.
num_arena_deaths: 0.
num_vsnodes_births: 2.
num_vsnodes_deaths: 0.
num_space_committed: 481.
num_space_uncommitted: 0.
num_chunks_returned_to_freelist: 3.
num_chunks_taken_from_freelist: 715.
num_chunk_merges: 3.
num_chunk_splits: 595.
num_chunks_enlarged: 519.
num_inconsistent_stats: 0.

CodeHeap 'non-profiled nmethods': size=120000Kb used=849Kb max_used=849Kb free=119150Kb
 bounds [0x0000024487ad0000, 0x0000024487d40000, 0x000002448f000000]
CodeHeap 'profiled nmethods': size=120000Kb used=4173Kb max_used=4173Kb free=115826Kb
 bounds [0x0000024480000000, 0x0000024480420000, 0x0000024487530000]
CodeHeap 'non-nmethods': size=5760Kb used=1696Kb max_used=1696Kb free=4063Kb
 bounds [0x0000024487530000, 0x00000244877a0000, 0x0000024487ad0000]
 total_blobs=3389 nmethods=2262 adapters=1039
 compilation: enabled
              stopped_count=0, restarted_count=0
 full_count=0

Compilation events (20 events):
Event: 1.840 Thread 0x0000024491c555a0 2252       3       androidx.compose.ui.graphics.BlendMode::equals-impl0 (11 bytes)
Event: 1.841 Thread 0x0000024491c555a0 nmethod 2252 0x000002448040ff90 code [0x0000024480410120, 0x0000024480410278]
Event: 1.841 Thread 0x0000024491c555a0 2253       1       androidx.compose.ui.platform.SkiaBasedOwner::getShowLayoutBounds (5 bytes)
Event: 1.841 Thread 0x0000024491c555a0 nmethod 2253 0x0000024487ba4090 code [0x0000024487ba4220, 0x0000024487ba42f8]
Event: 1.841 Thread 0x0000024491c555a0 2254       3       androidx.compose.ui.unit.TextUnit::getRawType-impl (6 bytes)
Event: 1.841 Thread 0x0000024491c555a0 nmethod 2254 0x0000024480410310 code [0x00000244804104a0, 0x0000024480410598]
Event: 1.842 Thread 0x0000024491c555a0 2255       3       androidx.compose.ui.graphics.SkiaBackedCanvas::translate (11 bytes)
Event: 1.842 Thread 0x0000024491c555a0 nmethod 2255 0x0000024480410610 code [0x00000244804107c0, 0x00000244804109b8]
Event: 1.842 Thread 0x0000024491c555a0 2256       3       org.jetbrains.skia.Canvas::translate (13 bytes)
Event: 1.842 Thread 0x0000024491c555a0 nmethod 2256 0x0000024480410b10 code [0x0000024480410cc0, 0x0000024480410e38]
Event: 1.842 Thread 0x0000024491c555a0 2257       3       org.jetbrains.skia.Canvas::concat (44 bytes)
Event: 1.843 Thread 0x0000024491c555a0 nmethod 2257 0x0000024480410f10 code [0x0000024480411160, 0x00000244804118b8]
Event: 1.843 Thread 0x0000024491c555a0 2258       3       org.jetbrains.skia.CanvasKt::access$_nConcat (6 bytes)
Event: 1.843 Thread 0x0000024491c555a0 nmethod 2258 0x0000024480411c10 code [0x0000024480411da0, 0x0000024480411ea8]
Event: 1.846 Thread 0x0000024491c555a0 2260       3       java.util.concurrent.ConcurrentHashMap::isEmpty (15 bytes)
Event: 1.846 Thread 0x0000024491c555a0 nmethod 2260 0x0000024480411f90 code [0x0000024480412140, 0x00000244804122e8]
Event: 1.846 Thread 0x0000024491c555a0 2262       3       jdk.internal.loader.NativeLibraries::find (72 bytes)
Event: 1.846 Thread 0x0000024491c555a0 nmethod 2262 0x0000024480412390 code [0x00000244804125c0, 0x0000024480412e58]
Event: 1.846 Thread 0x0000024491c555a0 2261       3       java.lang.ClassLoader::findNative (21 bytes)
Event: 1.846 Thread 0x0000024491c555a0 nmethod 2261 0x0000024480413110 code [0x00000244804132e0, 0x00000244804134f8]

GC Heap History (8 events):
Event: 0.685 GC heap before
{Heap before GC invocations=0 (full 0):
 garbage-first heap   total 260096K, used 22528K [0x0000000702800000, 0x0000000800000000)
  region size 2048K, 11 young (22528K), 0 survivors (0K)
 Metaspace       used 16163K, committed 16320K, reserved 1114112K
  class space    used 1528K, committed 1600K, reserved 1048576K
}
Event: 0.688 GC heap after
{Heap after GC invocations=1 (full 0):
 garbage-first heap   total 260096K, used 5467K [0x0000000702800000, 0x0000000800000000)
  region size 2048K, 2 young (4096K), 2 survivors (4096K)
 Metaspace       used 16163K, committed 16320K, reserved 1114112K
  class space    used 1528K, committed 1600K, reserved 1048576K
}
Event: 1.186 GC heap before
{Heap before GC invocations=1 (full 0):
 garbage-first heap   total 260096K, used 25947K [0x0000000702800000, 0x0000000800000000)
  region size 2048K, 13 young (26624K), 2 survivors (4096K)
 Metaspace       used 21354K, committed 21504K, reserved 1114112K
  class space    used 2093K, committed 2176K, reserved 1048576K
}
Event: 1.190 GC heap after
{Heap after GC invocations=2 (full 0):
 garbage-first heap   total 260096K, used 6903K [0x0000000702800000, 0x0000000800000000)
  region size 2048K, 1 young (2048K), 1 survivors (2048K)
 Metaspace       used 21354K, committed 21504K, reserved 1114112K
  class space    used 2093K, committed 2176K, reserved 1048576K
}
Event: 1.567 GC heap before
{Heap before GC invocations=3 (full 0):
 garbage-first heap   total 40960K, used 29431K [0x0000000702800000, 0x0000000800000000)
  region size 2048K, 12 young (24576K), 1 survivors (2048K)
 Metaspace       used 27025K, committed 27264K, reserved 1114112K
  class space    used 2758K, committed 2880K, reserved 1048576K
}
Event: 1.571 GC heap after
{Heap after GC invocations=4 (full 0):
 garbage-first heap   total 40960K, used 7775K [0x0000000702800000, 0x0000000800000000)
  region size 2048K, 2 young (4096K), 2 survivors (4096K)
 Metaspace       used 27025K, committed 27264K, reserved 1114112K
  class space    used 2758K, committed 2880K, reserved 1048576K
}
Event: 1.597 GC heap before
{Heap before GC invocations=4 (full 0):
 garbage-first heap   total 40960K, used 7775K [0x0000000702800000, 0x0000000800000000)
  region size 2048K, 3 young (6144K), 2 survivors (4096K)
 Metaspace       used 27468K, committed 27648K, reserved 1114112K
  class space    used 2816K, committed 2880K, reserved 1048576K
}
Event: 1.600 GC heap after
{Heap after GC invocations=5 (full 0):
 garbage-first heap   total 40960K, used 8011K [0x0000000702800000, 0x0000000800000000)
  region size 2048K, 1 young (2048K), 1 survivors (2048K)
 Metaspace       used 27468K, committed 27648K, reserved 1114112K
  class space    used 2816K, committed 2880K, reserved 1048576K
}

Dll operation events (3 events):
Event: 0.008 Loaded shared library C:\Users\meow\.jdks\jbr-17.0.8.1\bin\java.dll
Event: 0.038 Loaded shared library C:\Users\meow\.jdks\jbr-17.0.8.1\bin\jsvml.dll
Event: 0.149 Loaded shared library C:\Users\meow\.jdks\jbr-17.0.8.1\bin\zip.dll

Deoptimization events (20 events):
Event: 1.689 Thread 0x00000244967f1750 Uncommon trap: trap_request=0xffffffde fr.pc=0x0000024487b56e40 relative=0x0000000000000400
Event: 1.689 Thread 0x00000244967f1750 Uncommon trap: reason=class_check action=maybe_recompile pc=0x0000024487b56e40 method=java.util.HashMap.getNode(Ljava/lang/Object;)Ljava/util/HashMap$Node; @ 63 c2
Event: 1.689 Thread 0x00000244967f1750 DEOPT PACKING pc=0x0000024487b56e40 sp=0x00000056238f87b0
Event: 1.689 Thread 0x00000244967f1750 DEOPT UNPACKING pc=0x00000244875869a3 sp=0x00000056238f86c8 mode 2
Event: 1.689 Thread 0x00000244967f1750 Uncommon trap: trap_request=0xffffffde fr.pc=0x0000024487b32bc8 relative=0x0000000000000408
Event: 1.689 Thread 0x00000244967f1750 Uncommon trap: reason=class_check action=maybe_recompile pc=0x0000024487b32bc8 method=java.util.HashMap.getNode(Ljava/lang/Object;)Ljava/util/HashMap$Node; @ 63 c2
Event: 1.689 Thread 0x00000244967f1750 DEOPT PACKING pc=0x0000024487b32bc8 sp=0x00000056238f86a0
Event: 1.689 Thread 0x00000244967f1750 DEOPT UNPACKING pc=0x00000244875869a3 sp=0x00000056238f8628 mode 2
Event: 1.731 Thread 0x00000244967f1750 Uncommon trap: trap_request=0xffffffde fr.pc=0x0000024487b38dc4 relative=0x0000000000000a44
Event: 1.731 Thread 0x00000244967f1750 Uncommon trap: reason=class_check action=maybe_recompile pc=0x0000024487b38dc4 method=java.util.HashMap.putVal(ILjava/lang/Object;Ljava/lang/Object;ZZ)Ljava/lang/Object; @ 253 c2
Event: 1.731 Thread 0x00000244967f1750 DEOPT PACKING pc=0x0000024487b38dc4 sp=0x00000056238fccc0
Event: 1.731 Thread 0x00000244967f1750 DEOPT UNPACKING pc=0x00000244875869a3 sp=0x00000056238fcbe0 mode 2
Event: 1.731 Thread 0x00000244967f1750 Uncommon trap: trap_request=0xffffffde fr.pc=0x0000024487b38dc4 relative=0x0000000000000a44
Event: 1.731 Thread 0x00000244967f1750 Uncommon trap: reason=class_check action=maybe_recompile pc=0x0000024487b38dc4 method=java.util.HashMap.putVal(ILjava/lang/Object;Ljava/lang/Object;ZZ)Ljava/lang/Object; @ 253 c2
Event: 1.731 Thread 0x00000244967f1750 DEOPT PACKING pc=0x0000024487b38dc4 sp=0x00000056238fccc0
Event: 1.731 Thread 0x00000244967f1750 DEOPT UNPACKING pc=0x00000244875869a3 sp=0x00000056238fcbe0 mode 2
Event: 1.770 Thread 0x00000244967f1750 Uncommon trap: trap_request=0xffffff45 fr.pc=0x0000024487ae64a0 relative=0x00000000000001a0
Event: 1.770 Thread 0x00000244967f1750 Uncommon trap: reason=unstable_if action=reinterpret pc=0x0000024487ae64a0 method=java.lang.String.equals(Ljava/lang/Object;)Z @ 33 c2
Event: 1.770 Thread 0x00000244967f1750 DEOPT PACKING pc=0x0000024487ae64a0 sp=0x00000056238f88c0
Event: 1.770 Thread 0x00000244967f1750 DEOPT UNPACKING pc=0x00000244875869a3 sp=0x00000056238f8850 mode 2

Classes unloaded (0 events):
No events

Classes redefined (0 events):
No events

Internal exceptions (20 events):
Event: 1.089 Thread 0x00000244967f1750 Exception <a 'java/io/FileNotFoundException'{0x0000000711306ef8}> (0x0000000711306ef8) 
thrown [s\src\hotspot\share\prims\jni.cpp, line 517]
Event: 1.090 Thread 0x00000244967f1750 Exception <a 'java/io/FileNotFoundException'{0x000000071130d808}> (0x000000071130d808) 
thrown [s\src\hotspot\share\prims\jni.cpp, line 517]
Event: 1.090 Thread 0x00000244967f1750 Exception <a 'java/io/FileNotFoundException'{0x0000000711316c08}> (0x0000000711316c08) 
thrown [s\src\hotspot\share\prims\jni.cpp, line 517]
Event: 1.090 Thread 0x00000244967f1750 Exception <a 'java/io/FileNotFoundException'{0x000000071131d6d0}> (0x000000071131d6d0) 
thrown [s\src\hotspot\share\prims\jni.cpp, line 517]
Event: 1.091 Thread 0x00000244967f1750 Exception <a 'java/io/FileNotFoundException'{0x00000007113246d0}> (0x00000007113246d0) 
thrown [s\src\hotspot\share\prims\jni.cpp, line 517]
Event: 1.091 Thread 0x00000244967f1750 Exception <a 'java/io/FileNotFoundException'{0x000000071132c480}> (0x000000071132c480) 
thrown [s\src\hotspot\share\prims\jni.cpp, line 517]
Event: 1.092 Thread 0x00000244967f1750 Exception <a 'java/io/FileNotFoundException'{0x0000000711333ac0}> (0x0000000711333ac0) 
thrown [s\src\hotspot\share\prims\jni.cpp, line 517]
Event: 1.092 Thread 0x00000244967f1750 Exception <a 'java/io/FileNotFoundException'{0x000000071133a910}> (0x000000071133a910) 
thrown [s\src\hotspot\share\prims\jni.cpp, line 517]
Event: 1.092 Thread 0x00000244967f1750 Exception <a 'java/io/FileNotFoundException'{0x0000000711343298}> (0x0000000711343298) 
thrown [s\src\hotspot\share\prims\jni.cpp, line 517]
Event: 1.093 Thread 0x00000244967f1750 Exception <a 'java/io/FileNotFoundException'{0x000000071134a968}> (0x000000071134a968) 
thrown [s\src\hotspot\share\prims\jni.cpp, line 517]
Event: 1.093 Thread 0x00000244967f1750 Exception <a 'java/io/FileNotFoundException'{0x0000000711352208}> (0x0000000711352208) 
thrown [s\src\hotspot\share\prims\jni.cpp, line 517]
Event: 1.093 Thread 0x00000244967f1750 Exception <a 'java/io/FileNotFoundException'{0x0000000711359148}> (0x0000000711359148) 
thrown [s\src\hotspot\share\prims\jni.cpp, line 517]
Event: 1.094 Thread 0x00000244967f1750 Exception <a 'java/io/FileNotFoundException'{0x0000000711362c78}> (0x0000000711362c78) 
thrown [s\src\hotspot\share\prims\jni.cpp, line 517]
Event: 1.094 Thread 0x00000244967f1750 Exception <a 'java/io/FileNotFoundException'{0x000000071136a390}> (0x000000071136a390) 
thrown [s\src\hotspot\share\prims\jni.cpp, line 517]
Event: 1.214 Thread 0x00000244967f1750 Exception <a 'java/lang/NoSuchMethodError'{0x00000007122aeb78}: 'int java.lang.invoke.DirectMethodHandle$Holder.invokeStaticInit(java.lang.Object, java.lang.Object, java.lang.Object)'> (0x00000007122aeb78) 
thrown [s\src\hotspot\share\interpreter\linkResolver.cpp, line 771]
Event: 1.227 Thread 0x00000244967f1750 Exception <a 'java/lang/NoSuchMethodError'{0x00000007123ade18}: 'double java.lang.invoke.DirectMethodHandle$Holder.invokeStatic(java.lang.Object, double)'> (0x00000007123ade18) 
thrown [s\src\hotspot\share\interpreter\linkResolver.cpp, line 771]
Event: 1.227 Thread 0x00000244967f1750 Exception <a 'java/lang/NoSuchMethodError'{0x00000007123b1b20}: 'double java.lang.invoke.DirectMethodHandle$Holder.invokeStaticInit(java.lang.Object, double)'> (0x00000007123b1b20) 
thrown [s\src\hotspot\share\interpreter\linkResolver.cpp, line 771]
Event: 1.231 Thread 0x00000244967f1750 Exception <a 'java/lang/NoSuchMethodError'{0x00000007123ee0a0}: 'java.lang.Object java.lang.invoke.DirectMethodHandle$Holder.newInvokeSpecial(java.lang.Object, double)'> (0x00000007123ee0a0) 
thrown [s\src\hotspot\share\interpreter\linkResolver.cpp, line 771]
Event: 1.754 Thread 0x00000244967f1750 Exception <a 'java/lang/NoSuchMethodError'{0x00000007047a1e70}: 'java.lang.Object java.lang.invoke.DirectMethodHandle$Holder.newInvokeSpecial(java.lang.Object, java.lang.Object, int, int)'> (0x00000007047a1e70) 
thrown [s\src\hotspot\share\interpreter\linkResolver.cpp, line 771]
Event: 1.896 Thread 0x00000244967f1750 Exception <a 'java/lang/NoSuchMethodError'{0x000000070433a360}: static Lorg/jetbrains/skiko/RenderExceptionsHandler;.throwException(Ljava/lang/String;)V> (0x000000070433a360) 
thrown [s\src\hotspot\share\prims\jni.cpp, line 1108]

VM Operations (20 events):
Event: 0.774 Executing VM operation: HandshakeAllThreads
Event: 0.774 Executing VM operation: HandshakeAllThreads done
Event: 0.865 Executing VM operation: HandshakeAllThreads
Event: 0.865 Executing VM operation: HandshakeAllThreads done
Event: 1.033 Executing VM operation: HandshakeAllThreads
Event: 1.033 Executing VM operation: HandshakeAllThreads done
Event: 1.104 Executing VM operation: ICBufferFull
Event: 1.104 Executing VM operation: ICBufferFull done
Event: 1.146 Executing VM operation: HandshakeAllThreads
Event: 1.146 Executing VM operation: HandshakeAllThreads done
Event: 1.186 Executing VM operation: CollectForMetadataAllocation
Event: 1.190 Executing VM operation: CollectForMetadataAllocation done
Event: 1.192 Executing VM operation: G1PauseRemark
Event: 1.193 Executing VM operation: G1PauseRemark done
Event: 1.194 Executing VM operation: G1PauseCleanup
Event: 1.195 Executing VM operation: G1PauseCleanup done
Event: 1.567 Executing VM operation: G1CollectForAllocation
Event: 1.571 Executing VM operation: G1CollectForAllocation done
Event: 1.597 Executing VM operation: G1CollectForAllocation
Event: 1.600 Executing VM operation: G1CollectForAllocation done

Events (20 events):
Event: 1.761 loading class java/awt/geom/PathIterator
Event: 1.761 loading class java/awt/geom/PathIterator done
Event: 1.761 loading class java/awt/geom/RectIterator done
Event: 1.765 loading class java/io/NotSerializableException
Event: 1.765 loading class java/io/ObjectStreamException
Event: 1.765 loading class java/io/ObjectStreamException done
Event: 1.765 loading class java/io/NotSerializableException done
Event: 1.773 loading class java/util/LinkedHashMap$LinkedEntrySet
Event: 1.773 loading class java/util/LinkedHashMap$LinkedEntrySet done
Event: 1.773 loading class java/util/LinkedHashMap$LinkedEntryIterator
Event: 1.774 loading class java/util/LinkedHashMap$LinkedEntryIterator done
Event: 1.834 loading class jdk/internal/misc/Signal$1
Event: 1.834 loading class jdk/internal/misc/Signal$1 done
Event: 1.834 Thread 0x0000024497429120 Thread added: 0x0000024497429120
Event: 1.835 loading class java/util/IdentityHashMap$KeyIterator
Event: 1.835 loading class java/util/IdentityHashMap$KeyIterator done
Event: 1.835 Thread 0x000002449742a560 Thread added: 0x000002449742a560
Event: 1.835 Thread 0x000002449742aa70 Thread added: 0x000002449742aa70
Event: 1.835 Thread 0x000002449742aa70 Thread exited: 0x000002449742aa70
Event: 1.838 Thread 0x00000244967e7030 Thread exited: 0x00000244967e7030


Dynamic libraries:
0x00007ff707ab0000 - 0x00007ff707aba000 	C:\Users\meow\.jdks\jbr-17.0.8.1\bin\java.exe
0x00007ffcc6630000 - 0x00007ffcc6828000 	C:\Windows\SYSTEM32\ntdll.dll
0x00007ffcc5790000 - 0x00007ffcc584d000 	C:\Windows\System32\KERNEL32.DLL
0x00007ffcc3eb0000 - 0x00007ffcc41a6000 	C:\Windows\System32\KERNELBASE.dll
0x00007ffcc4300000 - 0x00007ffcc4400000 	C:\Windows\System32\ucrtbase.dll
0x00007ffc9dc90000 - 0x00007ffc9dca7000 	C:\Users\meow\.jdks\jbr-17.0.8.1\bin\jli.dll
0x00007ffc9daf0000 - 0x00007ffc9db0b000 	C:\Users\meow\.jdks\jbr-17.0.8.1\bin\VCRUNTIME140.dll
0x00007ffcc6020000 - 0x00007ffcc61bf000 	C:\Windows\System32\USER32.dll
0x00007ffcc42d0000 - 0x00007ffcc42f2000 	C:\Windows\System32\win32u.dll
0x00007ffca78b0000 - 0x00007ffca7b4a000 	C:\Windows\WinSxS\amd64_microsoft.windows.common-controls_6595b64144ccf1df_6.0.19041.3636_none_60b6a03d71f818d5\COMCTL32.dll
0x00007ffcc5a50000 - 0x00007ffcc5a7b000 	C:\Windows\System32\GDI32.dll
0x00007ffcc41b0000 - 0x00007ffcc42c7000 	C:\Windows\System32\gdi32full.dll
0x00007ffcc59b0000 - 0x00007ffcc5a4e000 	C:\Windows\System32\msvcrt.dll
0x00007ffcc44e0000 - 0x00007ffcc457d000 	C:\Windows\System32\msvcp_win.dll
0x00007ffcc5850000 - 0x00007ffcc5882000 	C:\Windows\System32\IMM32.DLL
0x00007ffcb1c20000 - 0x00007ffcb1c2c000 	C:\Users\meow\.jdks\jbr-17.0.8.1\bin\vcruntime140_1.dll
0x00007ffc8a060000 - 0x00007ffc8a0ed000 	C:\Users\meow\.jdks\jbr-17.0.8.1\bin\msvcp140.dll
0x00007ffc2ff10000 - 0x00007ffc30b93000 	C:\Users\meow\.jdks\jbr-17.0.8.1\bin\server\jvm.dll
0x00007ffcc61c0000 - 0x00007ffcc6270000 	C:\Windows\System32\ADVAPI32.dll
0x00007ffcc5c30000 - 0x00007ffcc5cd0000 	C:\Windows\System32\sechost.dll
0x00007ffcc47e0000 - 0x00007ffcc4903000 	C:\Windows\System32\RPCRT4.dll
0x00007ffcc4400000 - 0x00007ffcc4427000 	C:\Windows\System32\bcrypt.dll
0x00007ffcc3a90000 - 0x00007ffcc3adb000 	C:\Windows\SYSTEM32\POWRPROF.dll
0x00007ffcbf070000 - 0x00007ffcbf079000 	C:\Windows\SYSTEM32\WSOCK32.dll
0x00007ffcc5890000 - 0x00007ffcc58fb000 	C:\Windows\System32\WS2_32.dll
0x00007ffcbded0000 - 0x00007ffcbdeda000 	C:\Windows\SYSTEM32\VERSION.dll
0x00007ffc9ae60000 - 0x00007ffc9ae87000 	C:\Windows\SYSTEM32\WINMM.dll
0x00007ffcc3a70000 - 0x00007ffcc3a82000 	C:\Windows\SYSTEM32\UMPDC.dll
0x00007ffcc1b30000 - 0x00007ffcc1b42000 	C:\Windows\SYSTEM32\kernel.appcore.dll
0x00007ffc9fe90000 - 0x00007ffc9fe9a000 	C:\Users\meow\.jdks\jbr-17.0.8.1\bin\jimage.dll
0x00007ffcb5540000 - 0x00007ffcb5724000 	C:\Windows\SYSTEM32\DBGHELP.DLL
0x00007ffc98d00000 - 0x00007ffc98d34000 	C:\Windows\SYSTEM32\dbgcore.DLL
0x00007ffcc4580000 - 0x00007ffcc4602000 	C:\Windows\System32\bcryptPrimitives.dll
0x00007ffcbb360000 - 0x00007ffcbb36e000 	C:\Users\meow\.jdks\jbr-17.0.8.1\bin\instrument.dll
0x00007ffc97ef0000 - 0x00007ffc97f15000 	C:\Users\meow\.jdks\jbr-17.0.8.1\bin\java.dll
0x00007ffc97ed0000 - 0x00007ffc97ee8000 	C:\Users\meow\.jdks\jbr-17.0.8.1\bin\zip.dll
0x00007ffc7dab0000 - 0x00007ffc7db87000 	C:\Users\meow\.jdks\jbr-17.0.8.1\bin\jsvml.dll
0x00007ffcc4a20000 - 0x00007ffcc518b000 	C:\Windows\System32\SHELL32.dll
0x00007ffcc1d30000 - 0x00007ffcc24ce000 	C:\Windows\SYSTEM32\windows.storage.dll
0x00007ffcc6290000 - 0x00007ffcc65e3000 	C:\Windows\System32\combase.dll
0x00007ffcc36a0000 - 0x00007ffcc36ce000 	C:\Windows\SYSTEM32\Wldp.dll
0x00007ffcc5e00000 - 0x00007ffcc5ecd000 	C:\Windows\System32\OLEAUT32.dll
0x00007ffcc5900000 - 0x00007ffcc59ad000 	C:\Windows\System32\SHCORE.dll
0x00007ffcc5720000 - 0x00007ffcc5775000 	C:\Windows\System32\shlwapi.dll
0x00007ffcc3c10000 - 0x00007ffcc3c33000 	C:\Windows\SYSTEM32\profapi.dll
0x00007ffc97d70000 - 0x00007ffc97d89000 	C:\Users\meow\.jdks\jbr-17.0.8.1\bin\net.dll
0x00007ffcbb120000 - 0x00007ffcbb22a000 	C:\Windows\SYSTEM32\WINHTTP.dll
0x00007ffcc3380000 - 0x00007ffcc33ea000 	C:\Windows\system32\mswsock.dll
0x00007ffc97d50000 - 0x00007ffc97d66000 	C:\Users\meow\.jdks\jbr-17.0.8.1\bin\nio.dll
0x00007ffcb4910000 - 0x00007ffcb492a000 	D:\Program\IntelliJ IDEA\IntelliJ IDEA 2023.2\bin\breakgen64.dll
0x00007ffc7abc0000 - 0x00007ffc7ad58000 	C:\Users\meow\.jdks\jbr-17.0.8.1\bin\awt.dll
0x00007ffcc1840000 - 0x00007ffcc186f000 	C:\Windows\SYSTEM32\dwmapi.dll
0x00007ffcab5b0000 - 0x00007ffcab5f4000 	C:\Users\meow\.jdks\jbr-17.0.8.1\bin\nvdaControllerClient64.dll
0x00007ffcc1480000 - 0x00007ffcc1510000 	C:\Windows\SYSTEM32\apphelp.dll
0x00007ffcc15e0000 - 0x00007ffcc167e000 	C:\Windows\system32\uxtheme.dll
0x00007ffcc5190000 - 0x00007ffcc52a5000 	C:\Windows\System32\MSCTF.dll
0x00007ffcc5cd0000 - 0x00007ffcc5dfb000 	C:\Windows\System32\ole32.dll
0x00007ffc91260000 - 0x00007ffc91385000 	C:\Windows\system32\opengl32.dll
0x00007ffc911f0000 - 0x00007ffc9121c000 	C:\Windows\SYSTEM32\GLU32.dll
0x00007ffc50c40000 - 0x00007ffc51c8c000 	C:\Users\meow\.skiko\0de0d8dd8554d9bb66cfca3837db6514ff9b71080e998917280a3b777460a416\skiko-windows-x64.dll
0x00007ffc9a9d0000 - 0x00007ffc9ab77000 	C:\Windows\WinSxS\amd64_microsoft.windows.gdiplus_6595b64144ccf1df_1.1.19041.3996_none_91a79472cc852ba0\gdiplus.dll
0x00007ffc7ab30000 - 0x00007ffc7abb6000 	C:\Users\meow\.jdks\jbr-17.0.8.1\bin\freetype.dll
0x00007ffc7a490000 - 0x00007ffc7a566000 	C:\Users\meow\.jdks\jbr-17.0.8.1\bin\fontmanager.dll
0x00007ffcab8f0000 - 0x00007ffcab8f7000 	C:\Users\meow\.jdks\jbr-17.0.8.1\bin\jawt.dll
0x00007ffcc2530000 - 0x00007ffcc2623000 	C:\Windows\SYSTEM32\Dxgi.dll
0x00007ffcab580000 - 0x00007ffcab5a5000 	C:\Windows\SYSTEM32\D3D12.dll
0x00007ffc50a70000 - 0x00007ffc50c3d000 	C:\Windows\SYSTEM32\D3D12Core.dll
0x00007ffcbb0e0000 - 0x00007ffcbb11b000 	C:\Windows\SYSTEM32\dxcore.dll
0x00007ffcc4610000 - 0x00007ffcc465e000 	C:\Windows\System32\cfgmgr32.dll
0x00007ffcb5920000 - 0x00007ffcb8764000 	C:\Windows\System32\DriverStore\FileRepository\iigd_dch.inf_amd64_35bb87b7e5b3c943\igc64.dll
0x00007ffc4f4a0000 - 0x00007ffc50a69000 	C:\Windows\System32\DriverStore\FileRepository\iigd_dch.inf_amd64_35bb87b7e5b3c943\igd12umd64.dll
0x00007ffcb88b0000 - 0x00007ffcb8b31000 	C:\Windows\System32\DriverStore\FileRepository\iigd_dch.inf_amd64_35bb87b7e5b3c943\igdgmm64.dll
0x00007ffc4f080000 - 0x00007ffc4f49a000 	C:\Windows\System32\DriverStore\FileRepository\iigd_dch.inf_amd64_35bb87b7e5b3c943\igdml64.dll
0x00007ffc88740000 - 0x00007ffc8876a000 	C:\Windows\SYSTEM32\D3DSCache.dll
0x00007ffcc3bd0000 - 0x00007ffcc3bfe000 	C:\Windows\SYSTEM32\USERENV.dll
0x00007ffc4a8f0000 - 0x00007ffc4f07b000 	C:\Windows\System32\DriverStore\FileRepository\iigd_dch.inf_amd64_35bb87b7e5b3c943\igd12dxva64.dll
0x00007ffcc52b0000 - 0x00007ffcc571e000 	C:\Windows\System32\SETUPAPI.dll
0x00007ffc63fe0000 - 0x00007ffc64007000 	C:\Windows\System32\DriverStore\FileRepository\iigd_dch.inf_amd64_35bb87b7e5b3c943\igdinfo64.dll
0x00007ffcbe170000 - 0x00007ffcbe373000 	C:\Windows\SYSTEM32\twinapi.appcore.dll
0x00007ffca8de0000 - 0x00007ffca905f000 	C:\Windows\SYSTEM32\dwrite.dll

dbghelp: loaded successfully - version: 4.0.5 - missing functions: none
symbol engine: initialized successfully - sym options: 0x614 - pdb path: .;C:\Users\meow\.jdks\jbr-17.0.8.1\bin;C:\Windows\SYSTEM32;C:\Windows\WinSxS\amd64_microsoft.windows.common-controls_6595b64144ccf1df_6.0.19041.3636_none_60b6a03d71f818d5;C:\Users\meow\.jdks\jbr-17.0.8.1\bin\server;D:\Program\IntelliJ IDEA\IntelliJ IDEA 2023.2\bin;C:\Users\meow\.skiko\0de0d8dd8554d9bb66cfca3837db6514ff9b71080e998917280a3b777460a416;C:\Windows\WinSxS\amd64_microsoft.windows.gdiplus_6595b64144ccf1df_1.1.19041.3996_none_91a79472cc852ba0;C:\Windows\System32\DriverStore\FileRepository\iigd_dch.inf_amd64_35bb87b7e5b3c943

VM Arguments:
jvm_args: -javaagent:D:\Program\IntelliJ IDEA\IntelliJ IDEA 2023.2\lib\idea_rt.jar=60952:D:\Program\IntelliJ IDEA\IntelliJ IDEA 2023.2\bin -Dfile.encoding=UTF-8 
java_command: MainKt
java_class_path (initial): D:\Study\Compiler theory\lab1_gui\build\classes\kotlin\main;C:\Users\meow\.gradle\caches\modules-2\files-2.1\org.jetbrains.compose.material3\material3-desktop\1.1.0\8c667fa8f20d925d25c51f93726fce0dd5f954ba\material3-desktop-1.1.0.jar;C:\Users\meow\.gradle\caches\modules-2\files-2.1\org.jetbrains.kotlin\kotlin-stdlib-jdk8\1.8.20\73576ddf378c5b4f1f6b449fe6b119b8183fc078\kotlin-stdlib-jdk8-1.8.20.jar;C:\Users\meow\.gradle\caches\modules-2\files-2.1\org.jetbrains.compose.material\material-icons-extended-desktop\1.4.1\3d7960ddfae216b09945f4dc54d3c632bf87e12a\material-icons-extended-desktop-1.4.1.jar;C:\Users\meow\.gradle\caches\modules-2\files-2.1\org.jetbrains.kotlin\kotlin-stdlib-jdk7\1.8.20\3aa51faf20aae8b31e1a4bc54f8370673d7b7df4\kotlin-stdlib-jdk7-1.8.20.jar;C:\Users\meow\.gradle\caches\modules-2\files-2.1\org.jetbrains.kotlin\kotlin-stdlib\1.8.20\e72fc5e03ec6c064c678a6bd0d955c88d55b0c4a\kotlin-stdlib-1.8.20.jar;C:\Users\meow\.gradle\caches\modules-2\files-2.1\org.jetbrains.compose.material\material-ripple-desktop\1.4.1\4c42972aefc0908954af022d213e4c6d00daf288\material-ripple-desktop-1.4.1.jar;C:\Users\meow\.gradle\caches\modules-2\files-2.1\org.jetbrains.compose.foundation\foundation-desktop\1.4.1\3af50bcd26973491ed32b251d234fae55c0b3c97\foundation-desktop-1.4.1.jar;C:\Users\meow\.gradle\caches\modules-2\files-2.1\org.jetbrains.compose.material\material-icons-core-desktop\1.4.1\26323c8bdd56b7587adb49ccde9b54f6c6d4f66c\material-icons-core-desktop-1.4.1.jar;C:\Users\meow\.gradle\caches\modules-2\files-2.1\org.jetbrains.compose.ui\ui-text-desktop\1.4.1\d8c913f93cf15ebd065996473e228c5353b0d94d\ui-text-desktop-1.4.1.jar;C:\Users\meow\.gradle\caches\modules-2\files-2.1\org.jetbrains.compose.ui\ui-graphics-desktop\1.4.1\3b05e5c92bb6a4e92266359905c7e0866fdcc3ea\ui-graphics-desktop-1.4.1.jar;C:\Users\meow\.gradle\caches\modules-2\files-2.1\org.jetbrains.compose.runtime\runtime-desktop\1.4.1\b268d41542ceb3c8d5d101222c14330874c5d8e6\runtime-deskto
Launcher Type: SUN_STANDARD

[Global flags]
     intx CICompilerCount                          = 4                                         {product} {ergonomic}
     uint ConcGCThreads                            = 2                                         {product} {ergonomic}
     uint G1ConcRefinementThreads                  = 8                                         {product} {ergonomic}
   size_t G1HeapRegionSize                         = 2097152                                   {product} {ergonomic}
    uintx GCDrainStackTargetSize                   = 64                                        {product} {ergonomic}
   size_t InitialHeapSize                          = 266338304                                 {product} {ergonomic}
   size_t MarkStackSize                            = 4194304                                   {product} {ergonomic}
   size_t MaxHeapSize                              = 4253024256                                {product} {ergonomic}
   size_t MaxNewSize                               = 2550136832                                {product} {ergonomic}
   size_t MinHeapDeltaBytes                        = 2097152                                   {product} {ergonomic}
   size_t MinHeapSize                              = 8388608                                   {product} {ergonomic}
    uintx NonNMethodCodeHeapSize                   = 5839372                                {pd product} {ergonomic}
    uintx NonProfiledCodeHeapSize                  = 122909434                              {pd product} {ergonomic}
    uintx ProfiledCodeHeapSize                     = 122909434                              {pd product} {ergonomic}
    uintx ReservedCodeCacheSize                    = 251658240                              {pd product} {ergonomic}
     bool SegmentedCodeCache                       = true                                      {product} {ergonomic}
   size_t SoftMaxHeapSize                          = 4253024256                             {manageable} {ergonomic}
     bool UseCompressedClassPointers               = true                           {product lp64_product} {ergonomic}
     bool UseCompressedOops                        = true                           {product lp64_product} {ergonomic}
     bool UseG1GC                                  = true                                      {product} {ergonomic}
     bool UseLargePagesIndividualAllocation        = false                                  {pd product} {ergonomic}

Logging:
Log output configuration:
 #0: stdout all=warning uptime,level,tags
 #1: stderr all=off uptime,level,tags

Environment Variables:
PATH=C:\Program Files\Common Files\Oracle\Java\javapath;C:\Program Files (x86)\Common Files\Oracle\Java\javapath;C:\Windows\system32;C:\Windows;C:\Windows\System32\Wbem;C:\Windows\System32\WindowsPowerShell\v1.0\;C:\Windows\System32\OpenSSH\;C:\Program Files\dotnet\;C:\Program Files\Git\cmd;C:\Program Files (x86)\dotnet\;D:\Program\Node.js\;C:\Program Files\OpenSSL-Win64\bin;C:\Users\meow\AppData\Local\Programs\Python\Launcher\;C:\php;D:\Program\Microsoft VS Code\bin;C:\Users\meow\AppData\Roaming\npm;D:\Program\Node.js;
USERNAME=meow
OS=Windows_NT
PROCESSOR_IDENTIFIER=Intel64 Family 6 Model 142 Stepping 12, GenuineIntel
TMP=C:\Users\meow\AppData\Local\Temp
TEMP=C:\Users\meow\AppData\Local\Temp


JNI global refs:
JNI global refs: 137, weak refs: 10

JNI global refs memory usage: 2107, weak refs: 841

OOME stack traces (most recent first):
Classloader memory used:
Loader bootstrap                                                                       : 1962K
Loader jdk.internal.loader.ClassLoaders$AppClassLoader                                 : 1858K
Loader jdk.internal.loader.ClassLoaders$PlatformClassLoader                            : 813B


---------------  S Y S T E M  ---------------

OS:
 Windows 10 , 64 bit Build 19041 (10.0.19041.3636)
OS uptime: 0 days 8:21 hours
Hyper-V role detected

CPU: total 8 (initial active 8) (4 cores per cpu, 2 threads per core) family 6 model 142 stepping 12 microcode 0xde, cx8, cmov, fxsr, ht, mmx, 3dnowpref, sse, sse2, sse3, ssse3, sse4.1, sse4.2, popcnt, lzcnt, tsc, tscinvbit, avx, avx2, aes, erms, clmul, bmi1, bmi2, adx, fma, vzeroupper, clflush, clflushopt, hv
Processor Information for processor 0
  Max Mhz: 2112, Current Mhz: 1408, Mhz Limit: 1605
Processor Information for processor 1
  Max Mhz: 2112, Current Mhz: 1408, Mhz Limit: 1605
Processor Information for processor 2
  Max Mhz: 2112, Current Mhz: 1408, Mhz Limit: 1605
Processor Information for processor 3
  Max Mhz: 2112, Current Mhz: 2112, Mhz Limit: 1605
Processor Information for processor 4
  Max Mhz: 2112, Current Mhz: 1408, Mhz Limit: 1605
Processor Information for processor 5
  Max Mhz: 2112, Current Mhz: 1408, Mhz Limit: 1605
Processor Information for processor 6
  Max Mhz: 2112, Current Mhz: 1408, Mhz Limit: 1605
Processor Information for processor 7
  Max Mhz: 2112, Current Mhz: 1408, Mhz Limit: 1605

Memory: 4k page, system-wide physical 16217M (6386M free)
TotalPageFile size 18649M (AvailPageFile size 6938M)
current process WorkingSet (physical memory assigned to process): 185M, peak: 185M
current process commit charge ("private bytes"): 224M, peak: 406M

vm_info: OpenJDK 64-Bit Server VM (17.0.8.1+7-b1059.3) for windows-amd64 JRE (17.0.8.1+7-b1059.3), built on 2023-09-11 by "builduser" with MS VC++ 16.10 / 16.11 (VS2019)

END.
